2023.06.16 15:18:38 INFO  Started: Metals version 0.11.12 in workspace '/home/lam/vrc2022' for client Visual Studio Code 1.79.0.
Jun 16, 2023 3:18:38 PM org.flywaydb.core.internal.license.VersionPrinter printVersionOnly
INFO: Flyway Community Edition 9.16.3 by Redgate
Jun 16, 2023 3:18:38 PM org.flywaydb.core.internal.license.VersionPrinter printVersion
INFO: See release notes here: https://rd.gt/416ObMi
Jun 16, 2023 3:18:38 PM org.flywaydb.core.internal.license.VersionPrinter printVersion
INFO: 
Jun 16, 2023 3:18:38 PM org.flywaydb.core.internal.database.base.BaseDatabaseType createDatabase
INFO: Database: jdbc:h2:file:/home/lam/vrc2022/.metals/metals (H2 2.1)
Jun 16, 2023 3:18:38 PM org.flywaydb.core.internal.schemahistory.JdbcTableSchemaHistory allAppliedMigrations
INFO: Schema history table "PUBLIC"."flyway_schema_history" does not exist yet
Jun 16, 2023 3:18:38 PM org.flywaydb.core.internal.command.DbValidate validate
INFO: Successfully validated 4 migrations (execution time 00:00.019s)
Jun 16, 2023 3:18:38 PM org.flywaydb.core.internal.schemahistory.JdbcTableSchemaHistory create
INFO: Creating Schema History table "PUBLIC"."flyway_schema_history" ...
Jun 16, 2023 3:18:38 PM org.flywaydb.core.internal.command.DbMigrate migrateGroup
INFO: Current version of schema "PUBLIC": << Empty Schema >>
Jun 16, 2023 3:18:38 PM org.flywaydb.core.internal.command.DbMigrate doMigrateGroup
INFO: Migrating schema "PUBLIC" to version "1 - Create tables"
Jun 16, 2023 3:18:38 PM org.flywaydb.core.internal.command.DbMigrate doMigrateGroup
INFO: Migrating schema "PUBLIC" to version "2 - Server discovery"
Jun 16, 2023 3:18:38 PM org.flywaydb.core.internal.command.DbMigrate doMigrateGroup
INFO: Migrating schema "PUBLIC" to version "3 - Jar symbols"
Jun 16, 2023 3:18:38 PM org.flywaydb.core.internal.command.DbMigrate doMigrateGroup
INFO: Migrating schema "PUBLIC" to version "4 - Fingerprints"
Jun 16, 2023 3:18:38 PM org.flywaydb.core.internal.command.DbMigrate logSummary
INFO: Successfully applied 4 migrations to schema "PUBLIC", now at version v4 (execution time 00:00.080s)
2023.06.16 15:18:38 INFO  time: initialize in 0.66s
2023.06.16 15:18:40 WARN  Build server is not auto-connectable.
2023.06.16 15:18:40 WARN  no build tool detected in workspace '/home/lam/vrc2022'. The most common cause for this problem is that the editor was opened in the wrong working directory, for example if you use sbt then the workspace directory should contain build.sbt. 
2023.06.19 20:19:50 INFO  Started: Metals version 0.11.12 in workspace '/home/lam/vrc2022' for client Visual Studio Code 1.79.2.
Jun 19, 2023 8:19:51 PM org.flywaydb.core.internal.license.VersionPrinter printVersionOnly
INFO: Flyway Community Edition 9.16.3 by Redgate
Jun 19, 2023 8:19:51 PM org.flywaydb.core.internal.license.VersionPrinter printVersion
INFO: See release notes here: https://rd.gt/416ObMi
Jun 19, 2023 8:19:51 PM org.flywaydb.core.internal.license.VersionPrinter printVersion
INFO: 
Jun 19, 2023 8:19:51 PM org.flywaydb.core.internal.database.base.BaseDatabaseType createDatabase
INFO: Database: jdbc:h2:file:/home/lam/vrc2022/.metals/metals (H2 2.1)
Jun 19, 2023 8:19:51 PM org.flywaydb.core.internal.command.DbValidate validate
INFO: Successfully validated 4 migrations (execution time 00:00.021s)
Jun 19, 2023 8:19:51 PM org.flywaydb.core.internal.command.DbMigrate migrateGroup
INFO: Current version of schema "PUBLIC": 4
Jun 19, 2023 8:19:51 PM org.flywaydb.core.internal.command.DbMigrate logSummary
INFO: Schema "PUBLIC" is up to date. No migration necessary.
2023.06.19 20:19:51 INFO  time: initialize in 0.57s
2023.06.19 20:19:53 WARN  Build server is not auto-connectable.
2023.06.19 20:19:53 WARN  no build tool detected in workspace '/home/lam/vrc2022'. The most common cause for this problem is that the editor was opened in the wrong working directory, for example if you use sbt then the workspace directory should contain build.sbt. 
2023.06.19 20:20:33 INFO  
2023.06.19 20:20:33 INFO  Template applied in /home/lam/theonepiece/./scaasdas
2023.06.19 20:20:33 INFO  
2023.06.19 20:20:33 INFO  time: ran 'giter8.Giter8' in 3.01s
2023.06.19 20:20:38 INFO  Shutting down server
2023.06.19 20:20:38 INFO  shutting down Metals
2023.06.19 20:20:38 INFO  Exiting server
